1.485138694462762032e-03
1.437847589727425657e-03
1.263113846476926483e-03
-2.863955511500648754e-05
-6.247624867874890242e-03
-3.048023014141065801e-02
-1.141543787743266591e-01
-3.584828505501000961e-01
-7.747622693477076439e-01
-7.794223271481719451e-01
-4.107549183993022268e-01
-1.931507430057166630e-01
-1.218452937687466431e-01
-1.152165768346335994e-01
-1.345765711768578399e-01
-1.653405104252172464e-01
-2.023553034270655360e-01
-2.439971711480346528e-01
-2.899926147951745747e-01
-3.406048296424017963e-01
-3.963169643225441519e-01
-4.576990986859641453e-01
-5.253422076722173983e-01
-5.998128709663852476e-01
-6.816086096792766114e-01
-7.711038088065187424e-01
-8.684804698584649429e-01
-9.736405694650684950e-01
-1.086099449014220397e+00
-1.204863521610519683e+00
-1.328301358656570841e+00
-1.454025119849227110e+00
-1.578808608501539368e+00
-1.698576732006827683e+00
-1.808504629907623951e+00
-1.903257503288152463e+00
-1.977379258778029225e+00
-2.025799378721337973e+00
-2.044382068014954257e+00
-2.030408295201723945e+00
-1.982880235340978459e+00
-1.902577475679997576e+00
-1.791862523302118149e+00
-1.654300481792599697e+00
-1.494196140142918239e+00
-1.316150607508333792e+00
-1.124708729557674758e+00
-9.241273627635528953e-01
-7.182598325552831398e-01
-5.105311504241569764e-01
-3.039713355998934219e-01
-1.012761073086885233e-01
9.512937583239278183e-02
2.830403943507349140e-01
4.604455644307208217e-01
6.255258351759458435e-01
7.766773808800984114e-01
9.125519674616775490e-01
1.032105428649487067e+00
1.134643534285029176e+00
1.219855028742202308e+00
1.287823941806824024e+00
1.339016996464795994e+00
1.374246257226136692e+00
1.394611123625381310e+00
1.401426562655782249e+00
1.396145658462561556e+00
1.380284167249328675e+00
1.355353200992027496e+00
1.322804002800282319e+00
1.283986573403183229e+00
1.240122059002878530e+00
1.192287511884128293e+00
1.141410909584582356e+00
1.088274077000878748e+00
1.033521260729749258e+00
9.776714168813995798e-01
9.211326779372619455e-01
8.642178798967030673e-01
8.071604082711871797e-01
7.501299347079708468e-01
6.932478548265343932e-01
6.366023997369438803e-01
5.802634784345137575e-01
5.242973144307825351e-01
4.687808640266588611e-01
4.138158414662385098e-01
3.595419278787055362e-01
3.061484186414880071e-01
2.538832026638218053e-01
2.030576358987197239e-01
1.540456780488135280e-01
1.072757443263725463e-01
6.321422047190594640e-02
2.234057726151661427e-02
-1.488455249095466115e-02
-4.805534454818172208e-02
-7.685640036519103546e-02
-1.010929022474229555e-01
-1.207105684584881544e-01
-1.358021857831914758e-01
-1.465998322180155355e-01
-1.534544286577741445e-01
-1.568062844220889929e-01
-1.571513415616294651e-01
-1.550077555159994347e-01
-1.508865010997659795e-01
-1.452682853535520735e-01
-1.385876136301682493e-01
-1.312236983656269729e-01
-1.234971568827170074e-01
-1.156711072805585161e-01
-1.079552479828471689e-01
-1.005116787432989156e-01
-9.346148326545389295e-02
-8.689137020589399185e-02
-8.085991566953154575e-02
-7.540314687556204376e-02
-7.053935047500914379e-02
-6.627308602828918538e-02
-6.259844500546307700e-02
-5.950162832171557170e-02
-5.696292958754511915e-02
-5.495821382013232892e-02
-5.345997739193819598e-02
-5.243806798079830855e-02
-5.186013549873891293e-02
-5.169187776379757793e-02
-5.189713872242762704e-02
-5.243791251315954582e-02
-5.327430340433636502e-02
-5.436448916221792160e-02
-5.566473299684560061e-02
-5.712948602126743936e-02
-5.871161718958362030e-02
-6.036280006681593591e-02
-6.203407487696210865e-02
-6.367658987730351328e-02
-6.524250866386438474e-02
-6.668605074991873494e-02
-6.796461367605033388e-02
-6.903990858545228093e-02
-6.987903038518084031e-02
-7.045538070217105542e-02
-7.074936824298561078e-02
-7.074882687572880968e-02
-7.044911514518759077e-02
-6.985288897606167779e-02
-6.896956811475263294e-02
-6.781454242001672128e-02
-6.640818315187857479e-02
-6.477473493264795934e-02
-6.294116561499762952e-02
-6.093604487960391225e-02
-5.878851002006157955e-02
-5.652736157584925536e-02
-5.418031473619677740e-02
-5.177341681769576098e-02
-4.933062803408105879e-02
-4.687355295413198064e-02
-4.442130361719875964e-02
-4.199047193642968523e-02
-3.959518820932927952e-02
-3.724724360552755797e-02
-3.495625677110680840e-02
-3.272986761405860534e-02
-3.057394448669015219e-02
-2.849279404270532723e-02
-2.648936582952288177e-02
-2.456544607225197296e-02
-2.272183708200614660e-02
-2.095852028527644961e-02
-1.927480206281728670e-02
-1.766944245616386411e-02
-1.614076740394310150e-02
-1.468676556219605800e-02
-1.330517099148309512e-02
-1.199353310198247868e-02
-1.074927526666158428e-02
-9.569743473939240630e-03
-8.452246312398159489e-03
-7.394087478552080483e-03
-6.392591886786647137e-03
-5.445126344071127278e-03
-4.549115639711942549e-03
-3.702054792533715499e-03
-2.901518099537980788e-03
-2.145165539641169516e-03
-1.430747006210708605e-03
-7.561047709074841805e-04
-1.191745191775339663e-04
4.820147563684429315e-04
1.049341764694844414e-03
1.584594627836111158e-03
2.089473129071706126e-03
2.565591361399555126e-03
3.014480664024432599e-03
3.437592755116014587e-03
3.836302987053841207e-03
4.211913663851873935e-03
4.565657373628795312e-03
4.898700298305413980e-03
5.212145471080731340e-03
5.507035959467998509e-03
5.784357957058006150e-03
6.045043771596425586e-03
6.289974701015665914e-03
6.519983792138361878e-03
6.735858478585043940e-03
6.938343097374399804e-03
7.128141284198363792e-03
7.305918249226550643e-03
7.472302935955354997e-03
7.627890066395082158e-03
7.773242076265063361e-03
7.908890944296587122e-03
8.035339920070327935e-03
8.153065154811400816e-03
8.262517239465694274e-03
8.364122654999306405e-03
8.458285138956966875e-03
8.545386972862445418e-03
8.625790194738414129e-03
8.699837740639537742e-03
8.767854519483364584e-03
8.830148424728179180e-03
8.887011286571322444e-03
8.938719768231351281e-03
8.985536209408451214e-03
9.027709420390550576e-03
9.065475429249403305e-03
9.099058185402242316e-03
9.128670221890899938e-03
9.154513278993192671e-03
9.176778891347936451e-03
9.195648941087597450e-03
9.211296178705197235e-03
9.223884713872365637e-03
9.233570477928054743e-03
9.240501659732558437e-03
9.244819116553060212e-03
9.246656761501270694e-03
9.246141928912265939e-03
9.243395718947056139e-03
9.238533322854181051e-03
9.231664329750088882e-03
9.222893016374911213e-03
9.212318620622994558e-03
9.200035599764788685e-03
9.186133874514723630e-03
9.170699059584563884e-03
9.153812681571338317e-03
9.135552384947231985e-03
9.115992126833560860e-03
9.095202361194765217e-03
9.073250213191386138e-03
9.050199644068612770e-03
9.026111607187914387e-03
9.001044195937168979e-03
8.975052783585013572e-03
8.948190155917856714e-03
8.920506636769687248e-03
8.892050207126800387e-03
8.862866617905140743e-03
8.832999496924287541e-03
8.802490450420918933e-03
8.771379159247416624e-03
8.739703470167725641e-03
8.707499482559555304e-03
8.674801630663253604e-03
8.641642761684664720e-03
8.608054209993554196e-03
8.574065867524183204e-03
8.539706250846990088e-03
8.505002564678676436e-03
8.469980762384921036e-03
8.434665603532565115e-03
8.399080708525019645e-03
8.363248610608664535e-03
8.327190805362150172e-03
8.290927797796499021e-03
8.254479147117521620e-03
8.217863509452527637e-03
8.181098678404552516e-03
8.144201623752067576e-03
8.107188528301279007e-03
8.070074822978057227e-03
8.032875220258972604e-03
7.995603746076440643e-03
7.958273770176660378e-03
7.920898035111534341e-03
7.883488683850359280e-03
7.846057286114316298e-03
7.808614863542118201e-03
7.771171913629970618e-03
7.733738432671444230e-03
7.696323937510740620e-03
7.658937486484163060e-03
7.621587699256693327e-03
7.584282775859207959e-03
7.547030514810870727e-03
7.509838330500784309e-03
7.472713269708108896e-03
7.435662027461376056e-03
7.398690962144627292e-03
7.361806109935642439e-03
7.325013198654417579e-03
7.288317660972154499e-03
7.251724647009183400e-03
7.215239036446163823e-03
7.178865450077509536e-03
7.142608260821248223e-03
7.106471604341635384e-03
7.070459389151295682e-03
7.034575306263946004e-03
6.998822838495399878e-03
6.963205269304495459e-03
6.927725691312502931e-03
6.892387014369560916e-03
6.857191973439924482e-03
6.822143135932989821e-03
6.787242908931290231e-03
6.752493545983284662e-03
6.717897153658114462e-03
6.683455697837459297e-03
6.649171009691201562e-03
6.615044791482560527e-03
6.581078622026836911e-03
6.547273962063115960e-03
6.513632159233395669e-03
6.480154453006647941e-03
6.446841979315109938e-03
6.413695775011163391e-03
6.380716782169670864e-03
6.347905852200241839e-03
6.315263749748112332e-03
6.282791156495548535e-03
6.250488674792720190e-03
6.218356831112714644e-03
6.186396079380429569e-03
6.154606804212647830e-03
6.122989323920080551e-03
6.091543893475659388e-03
6.060270707379800115e-03
6.029169902289410743e-03
5.998241559694861280e-03
5.967485708355368956e-03
5.936902326721948953e-03
5.906491345220032940e-03
5.876252648462809702e-03
5.846186077377524271e-03
5.816291431187892158e-03
5.786568469442698870e-03
5.757016913801038527e-03
5.727636449874395908e-03
5.698426728958594367e-03
5.669387369652056918e-03
5.640517959466961884e-03
5.611818056356909779e-03
5.583287190169983205e-03
5.554924864041410615e-03
5.526730555775571929e-03
5.498703719100106468e-03
5.470843784930679021e-03
5.443150162586007923e-03
5.415622240867890014e-03
5.388259389222938012e-03
5.361060958753327554e-03
5.334026283275505875e-03
5.307154680242121003e-03
5.280445451710136240e-03
5.253897885202363227e-03
5.227511254609851221e-03
5.201284820977036816e-03
5.175217833311762661e-03
5.149309529343781833e-03
5.123559136237076928e-03
5.097965871307508223e-03
5.072528942690723852e-03
5.047247549974542835e-03
5.022120884822456333e-03
4.997148131549167260e-03
4.972328467719222544e-03
4.947661064678143816e-03
4.923145088046254614e-03
4.898779698260469218e-03
4.874564051025487288e-03
4.850497297786304784e-03
4.826578586150986894e-03
4.802807060341862666e-03
4.779181861579218094e-03
4.755702128459660116e-03
4.732366997357573268e-03
4.709175602743087552e-03
4.686127077553337017e-03
4.663220553485558639e-03
4.640455161350587332e-03
4.617830031330427687e-03
4.595344293287340065e-03
4.572997077014306910e-03
4.550787512521026201e-03
4.528714730268390554e-03
4.506777861408295394e-03
4.484976038002130849e-03
4.463308393262366280e-03
4.441774061721304179e-03
4.420372179463782913e-03
4.399101884295930631e-03
4.377962315933459081e-03
4.356952616165088443e-03
4.336071929028406657e-03
4.315319400943096184e-03
4.294694180877911549e-03
4.274195420480353391e-03
4.253822274215224297e-03
4.233573899501408278e-03
4.213449456809570393e-03
4.193448109788278089e-03
4.173569025367029894e-03
4.153811373872606794e-03
4.134174329118778246e-03
4.114657068478244639e-03
4.095258773012311337e-03
4.075978627498422213e-03
4.056815820558057339e-03
4.037769544693148305e-03
4.018838996377560591e-03
4.000023376097949779e-03
3.981321888448796642e-03
3.962733742139512572e-03
3.944258150101020988e-03
3.925894329488421874e-03
3.907641501756486946e-03
3.889498892684528641e-03
3.871465732429690831e-03
3.853541255546488742e-03
3.835724701041876017e-03
3.818015312376132897e-03
3.800412337517045103e-03
3.782915028955891046e-03
3.765522643733199004e-03
3.748234443436082586e-03
3.731049694256860505e-03
3.713967666974404835e-03
3.696987636992332682e-03
3.680108884317689899e-03
3.663330693619570866e-03
3.646652354191814993e-03
3.630073159979652075e-03
3.613592409587695897e-03
3.597209406275503341e-03
3.580923457948692601e-03
3.564733877195358502e-03
3.548639981232781793e-03
3.532641091945620815e-03
3.516736535873477010e-03
3.500925644183361385e-03
3.485207752699892580e-03
3.469582201852894343e-03
3.454048336721804446e-03
3.438605506961955882e-03
3.423253066866749350e-03
3.407990375292158092e-03
3.392816795674491459e-03
3.377731696025065844e-03
3.362734448884907579e-03
3.347824431336299256e-03
3.333001024987680694e-03
3.318263615936345445e-03
3.303611594762223547e-03
3.289044356520776091e-03
3.274561300705691735e-03
3.260161831243557629e-03
3.245845356474319487e-03
3.231611289115754460e-03
3.217459046256365696e-03
3.203388049347388744e-03
3.189397724147724489e-03
3.175487500724827328e-03
3.161656813437829783e-03
3.147905100897574471e-03
3.134231805947962357e-03
3.120636375664176398e-03
3.107118261279850913e-03
3.093676918239474105e-03
3.080311806090030302e-03
3.067022388514750730e-03
3.053808133299362737e-03
3.040668512280575442e-03
3.027603001347856093e-03
3.014611080415008360e-03
3.001692233392638798e-03
2.988845948146412468e-03
2.976071716497052932e-03
2.963369034191920548e-03
2.950737400849945402e-03
2.938176319974949990e-03
2.925685298906799403e-03
2.913263848799196865e-03
2.900911484601031987e-03
2.888627725019965453e-03
2.876412092509994523e-03
2.864264113227932285e-03
2.852183317021861342e-03
2.840169237400935742e-03
2.828221411505182914e-03
2.816339380083299204e-03
2.804522687468669062e-03
2.792770881556272400e-03
2.781083513763604742e-03
2.769460139011137301e-03
2.757900315709882477e-03
2.746403605712544049e-03
2.734969574296641781e-03
2.723597790163623245e-03
2.712287825369585903e-03
2.701039255327053468e-03
2.689851658773889653e-03
2.678724617754646431e-03
2.667657717581484178e-03
2.656650546817296288e-03
2.645702697248175639e-03
2.634813763868315561e-03
2.623983344837377274e-03
2.613211041470719920e-03
2.602496458207426144e-03
2.591839202580104029e-03
2.581238885210446199e-03
2.570695119769261794e-03
2.560207522948054759e-03
2.549775714452806596e-03
2.539399316956902908e-03
2.529077956105130198e-03
2.518811260459052903e-03
2.508598861500566102e-03
2.498440393593259756e-03
2.488335493965543321e-03
2.478283802679559500e-03
2.468284962623634726e-03
2.458338619462097085e-03
2.448444421651263525e-03
2.438602020379931901e-03
2.428811069566272351e-03
2.419071225844948714e-03
2.409382148502281495e-03
2.399743499517104084e-03
2.390154943482603045e-03
2.380616147620528977e-03
2.371126781734567146e-03
2.361686518213890196e-03
2.352295031987416962e-03
2.342952000531806078e-03
2.333657103810615752e-03
2.324410024290290977e-03
2.315210446903748220e-03
2.306058059028170959e-03
2.296952550467690202e-03
2.287893613433400475e-03
2.278880942529148967e-03
2.269914234712011591e-03
2.260993189301618855e-03
2.252117507938411478e-03
2.243286894560991840e-03
2.234501055413229409e-03
2.225759699002072267e-03
2.217062536078007184e-03
2.208409279631506905e-03
2.199799644861055725e-03
2.191233349162047261e-03
2.182710112103247724e-03
2.174229655413473239e-03
2.165791702957164944e-03
2.157395980728615825e-03
2.149042216806673622e-03
2.140730141380053908e-03
2.132459486685167604e-03
2.124229987018555477e-03
2.116041378715127763e-03
2.107893400114413396e-03
2.099785791564556803e-03
2.091718295385902593e-03
2.083690655878545073e-03
2.075702619273034344e-03
2.067753933753468942e-03
2.059844349405537400e-03
2.051973618218738693e-03
2.044141494064621867e-03
2.036347732687016077e-03
2.028592091683822929e-03
2.020874330482147485e-03
2.013194210336077816e-03
2.005551494300927828e-03
1.997945947229240460e-03
1.990377335740145526e-03
1.982845428222912432e-03
1.975349994802755305e-03
1.967890807343941617e-03
1.960467639421370478e-03
1.953080266317908098e-03
1.945728464994189721e-03
1.938412014093504609e-03
1.931130693909821616e-03
1.923884286393340304e-03
1.916672575117628341e-03
1.909495345269407451e-03
1.902352383649219547e-03
1.895243478643005020e-03
1.888168420214775267e-03
1.881126999891513663e-03
1.874119010752295367e-03
1.867144247407859226e-03
1.860202506005714795e-03
1.853293584191950671e-03
1.846417281117673781e-03
1.839573397422133993e-03
1.832761735212518062e-03
1.825982098069944826e-03
1.819234291009275140e-03
1.812518120494877039e-03
1.805833394413314252e-03
1.799179922056914904e-03
1.792557514127102181e-03
1.785965982717963030e-03
1.779405141293599613e-03
1.772874804689239525e-03
1.766374789096136766e-03
1.759904912042253855e-03
1.753464992402031797e-03
1.747054850356644096e-03
1.740674307405765120e-03
1.734323186350694712e-03
1.728001311275928487e-03
1.721708507547159428e-03
1.715444601796844992e-03
1.709209421912216698e-03
1.703002797036168303e-03
1.696824557533060940e-03
1.690674535009151214e-03
1.684552562270624776e-03
1.678458473343136248e-03
1.672392103441611155e-03
1.666353288964361745e-03
1.660341867491976764e-03
1.654357677771112201e-03
1.648400559694063183e-03
1.642470354319525150e-03
1.636566903824188124e-03
1.630690051527494688e-03
1.624839641863884410e-03
1.619015520371247518e-03
1.613217533697586248e-03
1.607445529577034016e-03
1.601699356829300314e-03
1.595978865347680298e-03
1.590283906088174604e-03
1.584614331066935833e-03
1.578969993342504985e-03
1.573350747017809859e-03
1.567756447223622729e-03
1.562186950117117057e-03
1.556642112866379879e-03
1.551121793639809177e-03
1.545625851614607082e-03
1.540154146948524705e-03
1.534706540787689200e-03
1.529282895241346196e-03
1.523883073397958032e-03
1.518506939290120705e-03
1.513154357910606596e-03
1.507825195189882450e-03
1.502519317991890535e-03
1.497236594111023278e-03
1.491976892260271637e-03
1.486740082066062563e-03
1.481526034050051344e-03
1.476334619649632973e-03
1.471165711175836943e-03
1.466019181829508744e-03
1.460894905688306378e-03
1.455792757699095330e-03
1.450712613669597612e-03
1.445654350258659959e-03
1.440617844983860599e-03
1.435602976195007874e-03
1.430609623078803183e-03
1.425637665651430241e-03
1.420686984754268578e-03
1.415757462036607017e-03
1.410848979958405358e-03
1.405961421782273013e-03
1.401094671573292066e-03
1.396248614175248960e-03
1.391423135217935078e-03
1.386618121116306272e-03
1.381833459041564155e-03
1.377069036943685820e-03
1.372324743520760004e-03
1.367600468235842526e-03
1.362896101282803918e-03
1.358211533610564382e-03
1.353546656894511618e-03
1.348901363540849774e-03
1.344275546683218470e-03
1.339669100170221006e-03
1.335081918558508884e-03
1.330513897120577660e-03
1.325964931823464532e-03
1.321434919329428359e-03
1.316923756998100714e-03
1.312431342863851214e-03
1.307957575648367732e-03
1.303502354742823444e-03
1.299065580211367088e-03
1.294647152781030347e-03
1.290246973829262123e-03
1.285864945399298187e-03
1.281500970176693843e-03
1.277154951489029022e-03
1.272826793305009696e-03
1.268516400227959195e-03
1.264223677486270292e-03
1.259948530935389721e-03
1.255690867045716752e-03
1.251450592903130543e-03
1.247227616204660272e-03
1.243021845253655666e-03
1.238833188952070952e-03
1.234661556789029557e-03
1.230506858859836683e-03
1.226369005834726522e-03
1.222247908973239650e-03
1.218143480105127185e-03
1.214055631638732979e-03
1.209984276546838267e-03
1.205929328369215181e-03
1.201890701210572843e-03
1.197868309721239477e-03
1.193862069112427982e-03
1.189871895134197999e-03
1.185897704087501836e-03
1.181939412810528722e-03
1.177996938671155291e-03
1.174070199577603724e-03
1.170159113956570351e-03
1.166263600763994823e-03
1.162383579469294936e-03
1.158518970062138997e-03
1.154669693042453815e-03
1.150835669414096429e-03
1.147016820689739092e-03
1.143213068880211125e-03
1.139424336490502121e-03
1.135650546519206827e-03
1.131891622454750390e-03
1.128147488269060084e-03
1.124418068417898375e-03
1.120703287833757500e-03
1.117003071922861857e-03
1.113317346564501875e-03
1.109646038098821563e-03
1.105989073338919937e-03
1.102346379551866207e-03
1.098717884469690986e-03
1.095103516262518895e-03
1.091503203571431158e-03
1.087916875468497580e-03
1.084344461473429888e-03
1.080785891552249467e-03
1.077241096098191520e-03
1.073710005949024548e-03
1.070192552364401806e-03
1.066688667039850102e-03
1.063198282088784197e-03
1.059721330047169729e-03
1.056257743871080734e-03
1.052807456931592611e-03
1.049370403013005770e-03
1.045946516305074070e-03
1.042535731407445709e-03
1.039137983322113712e-03
1.035753207448308899e-03
1.032381339589827363e-03
1.029022315937266896e-03
1.025676073077796957e-03
1.022342547988497330e-03
1.019021678024145672e-03
1.015713400934981081e-03
1.012417654839170567e-03
1.009134378244569419e-03
1.005863510026072660e-03
1.002604989431388205e-03
9.993587560828132155e-04
9.961247499661318727e-04
9.929029114310594650e-04
9.896931811901321652e-04
9.864955003151543167e-04
9.833098102356441217e-04
9.801360527341707041e-04
9.769741699376943700e-04
9.738241043366624439e-04
9.706857987603623172e-04
9.675591963771434934e-04
9.644442407106268433e-04
9.613408756041774694e-04
9.582490452584302432e-04
9.551686941950965348e-04
9.520997672680664436e-04
9.490422096714024036e-04
9.459959669184669906e-04
9.429609848465858590e-04
9.399372096190461434e-04
9.369245877191012539e-04
9.339230659488606534e-04
9.309325914257371437e-04
9.279531115793382412e-04
9.249845741536866228e-04
9.220269272010028772e-04
9.190801190843700397e-04
9.161440984590818459e-04
9.132188143015085302e-04
9.103042158771224024e-04
9.074002527533764351e-04
9.045068747890461225e-04
9.016240321528812274e-04
8.987516752845259305e-04
8.958897549358191270e-04
8.930382221294941303e-04
8.901970281867122026e-04
8.873661247061903623e-04
8.845454635770799712e-04
8.817349969501009355e-04
8.789346772828388055e-04
8.761444572895626948e-04
8.733642899643179192e-04
8.705941285755969261e-04
8.678339266658952056e-04
8.650836380379445245e-04
8.623432167667033355e-04
8.596126171980245090e-04
8.568917939357767466e-04
8.541807018449532052e-04
8.514792960503392294e-04
8.487875319413973330e-04
8.461053651593886116e-04
8.434327515987050106e-04
8.407696474117543062e-04
8.381160089996342322e-04
8.354717930130206582e-04
8.328369563495030548e-04
8.302114561602458309e-04
8.275952498251193390e-04
8.249882949842302082e-04
8.223905495152727951e-04
8.198019715237592209e-04
8.172225193718851699e-04
8.146521516430027532e-04
8.120908271620486119e-04
8.095385049791126164e-04
8.069951443983036654e-04
8.044607049293439616e-04
8.019351463195434349e-04
7.994184285489147612e-04
7.969105118150743294e-04
7.944113565492294526e-04
7.919209233895330158e-04
7.894391732095051850e-04
7.869660670998257501e-04
7.845015663656695892e-04
7.820456325298152933e-04
7.795982273313128985e-04
7.771593127232634401e-04
7.747288508759275771e-04
7.723068041589620236e-04
7.698931351631799203e-04
7.674878066779022845e-04
7.650907817118302034e-04
7.627020234690640166e-04
7.603214953575410107e-04
7.579491609943644903e-04
7.555849842009187967e-04
7.532289289819971145e-04
7.508809595622167876e-04
7.485410403487158248e-04
7.462091359524691825e-04
7.438852111780747123e-04
7.415692310241972507e-04
7.392611606755750131e-04
7.369609655203390730e-04
7.346686111278089015e-04
7.323840632569300624e-04
7.301072878544978551e-04
7.278382510573777608e-04
7.255769191871763724e-04
7.233232587431359661e-04
7.210772364114603761e-04
7.188388190582095660e-04
7.166079737346287004e-04
7.143846676660459138e-04
7.121688682629745415e-04
7.099605430958000341e-04
7.077596599316393622e-04
7.055661866992579689e-04
7.033800915081656058e-04
7.012013426312968534e-04
6.990299085205542440e-04
6.968657578005910125e-04
6.947088592550443309e-04
6.925591818487397688e-04
6.904166946908318891e-04
6.882813670845422394e-04
6.861531684743127357e-04
6.840320684862177814e-04
6.819180369035393596e-04
6.798110436641024990e-04
6.777110588696011462e-04
6.756180527904831479e-04
6.735319958428576115e-04
6.714528586089230089e-04
6.693806118263090355e-04
6.673152263840798071e-04
6.652566733311715552e-04
6.632049238661785751e-04
6.611599493435704744e-04
6.591217212763567090e-04
6.570902113063326055e-04
6.550653912427151226e-04
6.530472330474879072e-04
6.510357088167495476e-04
6.490307908046943908e-04
6.470324514049607956e-04
6.450406631586247386e-04
6.430553987497589219e-04
6.410766310125382006e-04
6.391043329143641927e-04
6.371384775682997770e-04
6.351790382321809147e-04
6.332259882944057949e-04
6.312793012943629378e-04
6.293389509002267346e-04
6.274049109187274098e-04
6.254771552987037353e-04
6.235556581195567105e-04
6.216403935948022763e-04
6.197313360756240286e-04
6.178284600473205046e-04
6.159317401186470420e-04
6.140411510422438823e-04
6.121566676924317107e-04
6.102782650705407264e-04
6.084059183262269244e-04
6.065396027157277103e-04
6.046792936329481449e-04
6.028249665943619107e-04
6.009765972478930962e-04
5.991341613578171632e-04
5.972976348269654068e-04
5.954669936700796029e-04
5.936422140218056143e-04
5.918232721571214938e-04
5.900101444540339912e-04
5.882028074193357270e-04
5.864012376752825162e-04
5.846054119711396879e-04
5.828153071689712306e-04
5.810309002498570408e-04
5.792521683085638529e-04
5.774790885615388447e-04
5.757116383415805672e-04
5.739497950942862303e-04
5.721935363736108116e-04
5.704428398578542669e-04
5.686976833318979629e-04
5.669580446951982822e-04
5.652239019529048392e-04
5.634952332336240488e-04
5.617720167609974169e-04
5.600542308785705359e-04
5.583418540382467654e-04
5.566348647967345187e-04
5.549332418173236192e-04
5.532369638787670851e-04
5.515460098495239549e-04
5.498603587268391379e-04
5.481799895923344934e-04
5.465048816395423614e-04
5.448350141783464551e-04
5.431703665985665452e-04
5.415109184037092405e-04
5.398566492083034518e-04
5.382075387156959323e-04
5.365635667322621316e-04
5.349247131665180177e-04
5.332909580380018610e-04
5.316622814381943840e-04
5.300386635829212878e-04
5.284200847750497587e-04
5.268065254142584308e-04
5.251979659988137428e-04
5.235943871220172241e-04
5.219957694730936737e-04
5.204020938398556950e-04
5.188133411015982688e-04
5.172294922282105745e-04
5.156505282970513804e-04
5.140764304538691931e-04
5.125071799536584649e-04
5.109427581508896310e-04
5.093831464657583297e-04
5.078283264374761075e-04
5.062782796763087845e-04
5.047329878875572717e-04
5.031924328662285006e-04
5.016565964996999583e-04
5.001254607579497247e-04
4.985990076953328298e-04
4.970772194701211788e-04
4.955600783009828092e-04
4.940475665176080611e-04
4.925396665242942618e-04
4.910363608114920453e-04
4.895376319460353898e-04
4.880434626031160406e-04
4.865538355085519129e-04
4.850687334982950460e-04
4.835881394757990392e-04
4.821120364368880473e-04
4.806404074528813908e-04
4.791732356768108048e-04
4.777105043443086174e-04
4.762521967762722852e-04
4.747982963566599324e-04
4.733487865724583799e-04
4.719036509710505811e-04
4.704628731850846179e-04
4.690264369315855220e-04
4.675943259861981005e-04
4.661665242320367497e-04
4.647430155966247867e-04
4.633237841114024036e-04
4.619088138637650331e-04
4.604980890254850578e-04
4.590915938420536691e-04
4.576893126362335806e-04
4.562912298009536016e-04
4.548973298073022420e-04
4.535075971956459284e-04
4.521220165809580749e-04
4.507405726545954394e-04
4.493632501754163400e-04
4.479900339635634055e-04
4.466209089475370320e-04
4.452558600807066114e-04
4.438948724141411617e-04
4.425379310646349040e-04
4.411850212147072625e-04
4.398361281232610054e-04
4.384912371069304982e-04
4.371503335693915915e-04
4.358134029605054138e-04
4.344804308109573299e-04
4.331514027224869778e-04
4.318263043572301285e-04
4.305051214421595773e-04
4.291878397761905717e-04
4.278744452275162757e-04
4.265649237096269530e-04
4.252592612266070660e-04
4.239574438376081389e-04
4.226594576657305424e-04
4.213652889024643855e-04
4.200749237943668390e-04
4.187883486546084555e-04
4.175055498700785961e-04
4.162265138756282568e-04
4.149512271744981717e-04
4.136796763418715273e-04
4.124118479991167874e-04
4.111477288377685113e-04
4.098873056044283203e-04
4.086305651194166444e-04
4.073774942510155483e-04
4.061280799287914078e-04
4.048823091515885153e-04
4.036401689635482626e-04
4.024016464843072072e-04
4.011667288779108276e-04
3.999354033794588759e-04
3.987076572702363819e-04
3.974834779016944708e-04
3.962628526679168317e-04
3.950457690393704979e-04
3.938322145247141748e-04
3.926221766983317707e-04
3.914156432003323971e-04
3.902126017063523022e-04
3.890130399639701864e-04
3.878169457696145628e-04
3.866243069774455421e-04
3.854351114931375832e-04
3.842493472880903482e-04
3.830670023692306358e-04
3.818880648100986264e-04
3.807125227357488484e-04
3.795403643271910710e-04
3.783715778196139468e-04
3.772061514855096220e-04
3.760440736764181224e-04
3.748853327714130046e-04
3.737299172099639577e-04
3.725778155061476582e-04
3.714290161784816746e-04
3.702835078378541311e-04
3.691412791262393966e-04
3.680023187575542920e-04
3.668666154537092439e-04
3.657341580334261266e-04
3.646049353420721673e-04
3.634789362667589785e-04
3.623561497700933387e-04
3.612365648404392005e-04
3.601201705274448273e-04
3.590069559233910468e-04
3.578969101711848566e-04
3.567900224599185321e-04
3.556862820381923029e-04
3.545856781794753942e-04
3.534882002274031265e-04
3.523938375584734217e-04
3.513025795971458365e-04
3.502144158264997031e-04
3.491293357633651340e-04
3.480473289725338759e-04
3.469683850729765595e-04
3.458924937174145953e-04
3.448196446109719204e-04
3.437498275102868206e-04
3.426830322021956476e-04
3.416192485303781723e-04
3.405584663740413021e-04
3.395006756603535791e-04
3.384458663688860725e-04
3.373940285102960956e-04
3.363451521369853481e-04
3.352992273724098027e-04
3.342562443462426813e-04
3.332161932529942305e-04
3.321790643191491199e-04
3.311448478271472595e-04
3.301135340869620904e-04
3.290851134574168668e-04
3.280595763444082991e-04
3.270369131902484128e-04
3.260171144647827646e-04
3.250001707133520767e-04
3.239860724866261421e-04
3.229748103974472428e-04
3.219663750959611548e-04
3.209607572598471847e-04
3.199579476245162368e-04
3.189579369626827088e-04
3.179607160692654588e-04
3.169662757978031209e-04
3.159746070409141794e-04
3.149857007063161518e-04
3.139995477798862566e-04
3.130161392528307829e-04
3.120354661723112599e-04
3.110575196147991051e-04
3.100822907047273702e-04
3.091097705913981031e-04
3.081399504702986292e-04
3.071728215839897302e-04
3.062083751892430428e-04
3.052466026067790494e-04
3.042874951626473035e-04
3.033310442530634532e-04
3.023772412875658233e-04
3.014260777218780163e-04
3.004775450490271282e-04
2.995316347949028568e-04
2.985883385200338580e-04
2.976476478195877462e-04
2.967095543375819489e-04
2.957740497349092834e-04
2.948411257195360236e-04
2.939107740322910445e-04
2.929829864495303582e-04
2.920577547724789724e-04
2.911350708538762433e-04
2.902149265668896305e-04
2.892973138246546227e-04
2.883822245802747375e-04
2.874696508081697743e-04
2.865595845191748481e-04
2.856520177783039571e-04
2.847469426443538509e-04
2.838443512462873741e-04
2.829442357317191181e-04
2.820465882793499190e-04
2.811514010945259656e-04
2.802586664341077949e-04
2.793683765762722260e-04
2.784805238249532522e-04
2.775951005231647173e-04
2.767120990547766723e-04
2.758315118160936663e-04
2.749533312540464181e-04
2.740775498297765012e-04
2.732041600488344102e-04
2.723331544487450628e-04
2.714645255830205883e-04
2.705982660531347506e-04
2.697343684792130603e-04
2.688728255186845217e-04
2.680136298680579898e-04
2.671567742265068546e-04
2.663022513491597465e-04
2.654500540080206861e-04
2.646001750177262579e-04
2.637526072106766151e-04
2.629073434468054415e-04
2.620643766313435208e-04
2.612236996801797773e-04
2.603853055509475212e-04
2.595491872279254153e-04
2.587153377167084045e-04
2.578837500681885331e-04
2.570544173332578453e-04
2.562273326347508373e-04
2.554024890724093666e-04
2.545798798232468130e-04
2.537594980402957390e-04
2.529413369680710844e-04
2.521253898200015442e-04
2.513116498672474108e-04
2.505001104040616156e-04
2.496907647504542638e-04
2.488836062539689920e-04
2.480786282914593244e-04
2.472758242593187106e-04
2.464751875930204505e-04
2.456767117422486990e-04
2.448803901913265690e-04
2.440862164476698126e-04
2.432941840488922480e-04
2.425042865521476187e-04
2.417165175501168051e-04
2.409308706479151851e-04
2.401473394879616308e-04
2.393659177410967231e-04
2.385865990959246119e-04
2.378093772623657287e-04
2.370342459858676420e-04
2.362611990331942025e-04
2.354902301995309699e-04
2.347213332924980023e-04
2.339545021676769920e-04
2.331897306842023454e-04
2.324270127296301780e-04
2.316663422270437422e-04
2.309077131137371452e-04
2.301511193589789173e-04
2.293965549462484432e-04
2.286440138892231744e-04
2.278934902300022713e-04
2.271449780266721064e-04
2.263984713692934747e-04
2.256539643639143833e-04
2.249114511307936937e-04
2.241709258470336863e-04
2.234323826773021437e-04
2.226958158271230559e-04
2.219612195286657652e-04
2.212285880283104689e-04
2.204979155902009325e-04
2.197691965104553447e-04
2.190424251100608899e-04
2.183175957348737484e-04
2.175947027396318845e-04
2.168737405074949720e-04
2.161547034464916806e-04
2.154375859930723891e-04
2.147223825961219745e-04
2.140090877222888821e-04
2.132976958773014076e-04
2.125882015686642035e-04
2.118805993429617729e-04
2.111748837574367599e-04
2.104710493942008043e-04
2.097690908566818280e-04
2.090690027749531055e-04
2.083707797844169818e-04
2.076744165702137934e-04
2.069799077961675948e-04
2.062872481829458593e-04
2.055964324707559854e-04
2.049074554051344421e-04
2.042203117440521964e-04
2.035349962969945636e-04
2.028515038681177884e-04
2.021698292935525387e-04
2.014899674254166939e-04
2.008119131335917018e-04
2.001356613181570765e-04
1.994612068916268299e-04
1.987885447825021856e-04
1.981176699441533628e-04
1.974485773654777176e-04
1.967812620176090377e-04
1.961157189160900316e-04
1.954519431102141880e-04
1.947899296368404976e-04
1.941296735719078015e-04
1.934711700037894389e-04
1.928144140350696034e-04
1.921594008074123394e-04
1.915061254553762637e-04
1.908545831508234869e-04
1.902047690816033310e-04
1.895566784444469022e-04
1.889103064680597299e-04
1.882656483847000572e-04
1.876226994657059777e-04
1.869814549770865142e-04
1.863419102257068971e-04
1.857040605148796431e-04
1.850679011852207623e-04
1.844334275755699082e-04
1.838006350727283689e-04
1.831695190475102208e-04
1.825400749080330343e-04
1.819122980819543045e-04
1.812861840058133112e-04
1.806617281410183296e-04
1.800389259472012782e-04
1.794177729319557102e-04
1.787982646028751788e-04
1.781803964817640917e-04
1.775641641117431391e-04
1.769495630661310770e-04
1.763365889111412343e-04
1.757252372485140768e-04
1.751155036888718541e-04
1.745073838570476710e-04
1.739008734027436276e-04
1.732959680005308201e-04
1.726926633107694897e-04
1.720909550328997284e-04
1.714908388912306236e-04
1.708923106118476198e-04
1.702953659279415888e-04
1.697000006153359664e-04
1.691062104374196906e-04
1.685139912073196911e-04
1.679233387132939015e-04
1.673342487968909609e-04
1.667467172961067945e-04
1.661607400702536097e-04
1.655763129928544686e-04
1.649934319480905742e-04
1.644120928432357687e-04
1.638322916068801760e-04
1.632540241622848498e-04
