0.000000000000000000e+00
-9.643274665532871356e-16
-9.643274665532871356e-16
0.000000000000000000e+00
-9.643274665532871356e-16
0.000000000000000000e+00
-1.168174665085789377e-01
-6.377610165670055675e-01
-8.273891185704209672e-01
-8.652444805047527776e-01
-5.429438623088953531e-01
-1.592381969532638553e-01
-9.849150826388540503e-02
-4.336810496219195565e-02
-1.148305767274518524e-01
-1.970639696532871521e-01
-2.650604419872257256e-01
-2.532925995106727335e-01
-2.235648906366693445e-01
-2.099192197929851053e-03
-7.315943300868365910e-03
-5.515322643441238071e-02
-1.881226832108795766e-01
-4.164047986273056168e-01
-5.779551708446338809e-01
-6.248473492196793266e-01
-6.263470982013488175e-01
-7.905952399090263594e-01
-1.054019644038644232e+00
-1.286224352224625722e+00
-1.470333035672328981e+00
-1.478595706923224284e+00
-1.658494374343445710e+00
-1.710443058761935475e+00
-1.707837064616972267e+00
-1.693305733206766028e+00
-1.663438398208249014e+00
-1.722861114411667227e+00
-1.792910882805738737e+00
-1.855758397738576537e+00
-1.839216398819458753e+00
-1.855307924793084151e+00
-1.831621866081219796e+00
-1.623277201106530399e+00
-1.462766398897850317e+00
-1.264302985892443720e+00
-1.047009272922601930e+00
-8.116138500877591033e-01
-4.703099991191910800e-01
-2.269673765383426189e-01
9.478091341709468653e-02
3.735603109241377728e-01
7.522592908828016345e-01
9.136271944279995560e-01
1.013623297930714706e+00
1.061265172872571494e+00
1.098442935823852995e+00
1.139764900438860140e+00
1.188461340644765274e+00
1.254812874683471025e+00
1.354359137441851768e+00
1.420264390145700162e+00
1.442804160297528115e+00
1.467410812181455082e+00
1.489771952844045400e+00
1.472080125656263228e+00
1.417419259795611675e+00
1.430050537911428998e+00
1.423890645347715367e+00
1.373451117223540852e+00
1.348163142322734931e+00
1.336708688716571336e+00
1.329534569151010537e+00
1.321245407251334658e+00
1.307567071908692924e+00
1.307211529446719922e+00
1.416480650152851739e+00
1.445767411812657777e+00
1.499420619182069370e+00
1.557629545304423102e+00
1.605626345608436312e+00
1.669529065925654310e+00
1.711239351685440946e+00
1.672543229346389104e+00
1.541532824055242612e+00
1.328719341169515289e+00
1.043748458359757603e+00
7.496996720611927012e-01
4.601986632869820015e-01
2.208286493407096984e-01
5.817017866894960004e-02
0.000000000000000000e+00
0.000000000000000000e+00
0.000000000000000000e+00
0.000000000000000000e+00
0.000000000000000000e+00
0.000000000000000000e+00
0.000000000000000000e+00
0.000000000000000000e+00
0.000000000000000000e+00
0.000000000000000000e+00
0.000000000000000000e+00
0.000000000000000000e+00
0.000000000000000000e+00
0.000000000000000000e+00
0.000000000000000000e+00
0.000000000000000000e+00
0.000000000000000000e+00
0.000000000000000000e+00
-9.643274665532871356e-16
0.000000000000000000e+00
0.000000000000000000e+00
-9.643274665532871356e-16
-9.643274665532871356e-16
0.000000000000000000e+00
0.000000000000000000e+00
0.000000000000000000e+00
0.000000000000000000e+00
0.000000000000000000e+00
0.000000000000000000e+00
0.000000000000000000e+00
0.000000000000000000e+00
0.000000000000000000e+00
0.000000000000000000e+00
0.000000000000000000e+00
0.000000000000000000e+00
0.000000000000000000e+00
0.000000000000000000e+00
-9.643274665532871356e-16
0.000000000000000000e+00
0.000000000000000000e+00
0.000000000000000000e+00
0.000000000000000000e+00
0.000000000000000000e+00
0.000000000000000000e+00
-9.643274665532871356e-16
0.000000000000000000e+00
0.000000000000000000e+00
0.000000000000000000e+00
0.000000000000000000e+00
0.000000000000000000e+00
0.000000000000000000e+00
0.000000000000000000e+00
0.000000000000000000e+00
0.000000000000000000e+00
0.000000000000000000e+00
0.000000000000000000e+00
0.000000000000000000e+00
0.000000000000000000e+00
0.000000000000000000e+00
0.000000000000000000e+00
-9.643274665532871356e-16
-9.643274665532871356e-16
0.000000000000000000e+00
0.000000000000000000e+00
-9.643274665532871356e-16
-9.643274665532871356e-16
0.000000000000000000e+00
-9.643274665532871356e-16
0.000000000000000000e+00
0.000000000000000000e+00
0.000000000000000000e+00
0.000000000000000000e+00
-9.643274665532871356e-16
0.000000000000000000e+00
0.000000000000000000e+00
0.000000000000000000e+00
0.000000000000000000e+00
-9.643274665532871356e-16
-9.643274665532871356e-16
-9.643274665532871356e-16
0.000000000000000000e+00
-9.643274665532871356e-16
-9.643274665532871356e-16
0.000000000000000000e+00
-9.643274665532871356e-16
0.000000000000000000e+00
-9.643274665532871356e-16
0.000000000000000000e+00
0.000000000000000000e+00
0.000000000000000000e+00
-9.643274665532871356e-16
0.000000000000000000e+00
-9.643274665532871356e-16
0.000000000000000000e+00
0.000000000000000000e+00
0.000000000000000000e+00
-9.643274665532871356e-16
0.000000000000000000e+00
0.000000000000000000e+00
0.000000000000000000e+00
0.000000000000000000e+00
-9.643274665532871356e-16
0.000000000000000000e+00
0.000000000000000000e+00
-9.643274665532871356e-16
0.000000000000000000e+00
0.000000000000000000e+00
0.000000000000000000e+00
-9.643274665532871356e-16
0.000000000000000000e+00
0.000000000000000000e+00
0.000000000000000000e+00
-9.643274665532871356e-16
0.000000000000000000e+00
0.000000000000000000e+00
-9.643274665532871356e-16
0.000000000000000000e+00
-9.643274665532871356e-16
0.000000000000000000e+00
0.000000000000000000e+00
-9.643274665532871356e-16
0.000000000000000000e+00
-9.643274665532871356e-16
0.000000000000000000e+00
0.000000000000000000e+00
-9.643274665532871356e-16
0.000000000000000000e+00
0.000000000000000000e+00
0.000000000000000000e+00
0.000000000000000000e+00
0.000000000000000000e+00
-9.643274665532871356e-16
0.000000000000000000e+00
-9.643274665532871356e-16
0.000000000000000000e+00
-9.643274665532871356e-16
0.000000000000000000e+00
0.000000000000000000e+00
0.000000000000000000e+00
0.000000000000000000e+00
0.000000000000000000e+00
-9.643274665532871356e-16
0.000000000000000000e+00
-9.643274665532871356e-16
0.000000000000000000e+00
0.000000000000000000e+00
0.000000000000000000e+00
0.000000000000000000e+00
0.000000000000000000e+00
-9.643274665532871356e-16
0.000000000000000000e+00
0.000000000000000000e+00
-9.643274665532871356e-16
0.000000000000000000e+00
-9.643274665532871356e-16
-9.643274665532871356e-16
-9.643274665532871356e-16
0.000000000000000000e+00
0.000000000000000000e+00
0.000000000000000000e+00
0.000000000000000000e+00
-9.643274665532871356e-16
0.000000000000000000e+00
-9.643274665532871356e-16
0.000000000000000000e+00
-9.643274665532871356e-16
0.000000000000000000e+00
0.000000000000000000e+00
0.000000000000000000e+00
-9.643274665532871356e-16
0.000000000000000000e+00
-9.643274665532871356e-16
-9.643274665532871356e-16
-9.643274665532871356e-16
0.000000000000000000e+00
0.000000000000000000e+00
0.000000000000000000e+00
-9.643274665532871356e-16
0.000000000000000000e+00
0.000000000000000000e+00
-9.643274665532871356e-16
0.000000000000000000e+00
-9.643274665532871356e-16
0.000000000000000000e+00
0.000000000000000000e+00
0.000000000000000000e+00
-9.643274665532871356e-16
0.000000000000000000e+00
0.000000000000000000e+00
0.000000000000000000e+00
0.000000000000000000e+00
0.000000000000000000e+00
0.000000000000000000e+00
0.000000000000000000e+00
0.000000000000000000e+00
0.000000000000000000e+00
0.000000000000000000e+00
-9.643274665532871356e-16
-9.643274665532871356e-16
0.000000000000000000e+00
0.000000000000000000e+00
-9.643274665532871356e-16
0.000000000000000000e+00
0.000000000000000000e+00
0.000000000000000000e+00
-9.643274665532871356e-16
0.000000000000000000e+00
0.000000000000000000e+00
0.000000000000000000e+00
0.000000000000000000e+00
0.000000000000000000e+00
0.000000000000000000e+00
0.000000000000000000e+00
0.000000000000000000e+00
0.000000000000000000e+00
0.000000000000000000e+00
0.000000000000000000e+00
0.000000000000000000e+00
0.000000000000000000e+00
-9.643274665532871356e-16
0.000000000000000000e+00
0.000000000000000000e+00
-9.643274665532871356e-16
-9.643274665532871356e-16
-9.643274665532871356e-16
0.000000000000000000e+00
0.000000000000000000e+00
-9.643274665532871356e-16
0.000000000000000000e+00
0.000000000000000000e+00
0.000000000000000000e+00
0.000000000000000000e+00
-9.643274665532871356e-16
0.000000000000000000e+00
0.000000000000000000e+00
-9.643274665532871356e-16
0.000000000000000000e+00
0.000000000000000000e+00
0.000000000000000000e+00
-9.643274665532871356e-16
0.000000000000000000e+00
0.000000000000000000e+00
-9.643274665532871356e-16
0.000000000000000000e+00
0.000000000000000000e+00
0.000000000000000000e+00
0.000000000000000000e+00
0.000000000000000000e+00
0.000000000000000000e+00
-9.643274665532871356e-16
0.000000000000000000e+00
0.000000000000000000e+00
0.000000000000000000e+00
0.000000000000000000e+00
-9.643274665532871356e-16
0.000000000000000000e+00
0.000000000000000000e+00
0.000000000000000000e+00
0.000000000000000000e+00
-9.643274665532871356e-16
0.000000000000000000e+00
-9.643274665532871356e-16
0.000000000000000000e+00
0.000000000000000000e+00
0.000000000000000000e+00
0.000000000000000000e+00
0.000000000000000000e+00
-9.643274665532871356e-16
-9.643274665532871356e-16
0.000000000000000000e+00
0.000000000000000000e+00
-9.643274665532871356e-16
-9.643274665532871356e-16
0.000000000000000000e+00
-9.643274665532871356e-16
0.000000000000000000e+00
0.000000000000000000e+00
-9.643274665532871356e-16
0.000000000000000000e+00
-9.643274665532871356e-16
0.000000000000000000e+00
0.000000000000000000e+00
-9.643274665532871356e-16
0.000000000000000000e+00
0.000000000000000000e+00
-9.643274665532871356e-16
0.000000000000000000e+00
-9.643274665532871356e-16
0.000000000000000000e+00
0.000000000000000000e+00
0.000000000000000000e+00
0.000000000000000000e+00
-9.643274665532871356e-16
0.000000000000000000e+00
0.000000000000000000e+00
0.000000000000000000e+00
0.000000000000000000e+00
0.000000000000000000e+00
0.000000000000000000e+00
0.000000000000000000e+00
0.000000000000000000e+00
0.000000000000000000e+00
0.000000000000000000e+00
0.000000000000000000e+00
0.000000000000000000e+00
0.000000000000000000e+00
0.000000000000000000e+00
0.000000000000000000e+00
0.000000000000000000e+00
0.000000000000000000e+00
0.000000000000000000e+00
0.000000000000000000e+00
-9.643274665532871356e-16
0.000000000000000000e+00
-9.643274665532871356e-16
0.000000000000000000e+00
-9.643274665532871356e-16
0.000000000000000000e+00
0.000000000000000000e+00
0.000000000000000000e+00
0.000000000000000000e+00
0.000000000000000000e+00
-9.643274665532871356e-16
0.000000000000000000e+00
0.000000000000000000e+00
0.000000000000000000e+00
0.000000000000000000e+00
0.000000000000000000e+00
-9.643274665532871356e-16
0.000000000000000000e+00
0.000000000000000000e+00
0.000000000000000000e+00
0.000000000000000000e+00
-9.643274665532871356e-16
0.000000000000000000e+00
0.000000000000000000e+00
0.000000000000000000e+00
0.000000000000000000e+00
0.000000000000000000e+00
0.000000000000000000e+00
-9.643274665532871356e-16
0.000000000000000000e+00
0.000000000000000000e+00
0.000000000000000000e+00
0.000000000000000000e+00
-9.643274665532871356e-16
0.000000000000000000e+00
0.000000000000000000e+00
0.000000000000000000e+00
-9.643274665532871356e-16
0.000000000000000000e+00
0.000000000000000000e+00
0.000000000000000000e+00
0.000000000000000000e+00
0.000000000000000000e+00
0.000000000000000000e+00
0.000000000000000000e+00
0.000000000000000000e+00
0.000000000000000000e+00
0.000000000000000000e+00
0.000000000000000000e+00
0.000000000000000000e+00
-9.643274665532871356e-16
-9.643274665532871356e-16
0.000000000000000000e+00
0.000000000000000000e+00
-9.643274665532871356e-16
0.000000000000000000e+00
-9.643274665532871356e-16
0.000000000000000000e+00
0.000000000000000000e+00
0.000000000000000000e+00
-9.643274665532871356e-16
0.000000000000000000e+00
0.000000000000000000e+00
0.000000000000000000e+00
0.000000000000000000e+00
-9.643274665532871356e-16
0.000000000000000000e+00
0.000000000000000000e+00
0.000000000000000000e+00
0.000000000000000000e+00
0.000000000000000000e+00
0.000000000000000000e+00
0.000000000000000000e+00
-9.643274665532871356e-16
-9.643274665532871356e-16
-9.643274665532871356e-16
-9.643274665532871356e-16
0.000000000000000000e+00
0.000000000000000000e+00
0.000000000000000000e+00
-9.643274665532871356e-16
0.000000000000000000e+00
-9.643274665532871356e-16
0.000000000000000000e+00
0.000000000000000000e+00
-9.643274665532871356e-16
0.000000000000000000e+00
-9.643274665532871356e-16
0.000000000000000000e+00
-9.643274665532871356e-16
-9.643274665532871356e-16
0.000000000000000000e+00
0.000000000000000000e+00
0.000000000000000000e+00
0.000000000000000000e+00
0.000000000000000000e+00
-9.643274665532871356e-16
0.000000000000000000e+00
0.000000000000000000e+00
0.000000000000000000e+00
0.000000000000000000e+00
0.000000000000000000e+00
0.000000000000000000e+00
0.000000000000000000e+00
0.000000000000000000e+00
0.000000000000000000e+00
-9.643274665532871356e-16
0.000000000000000000e+00
0.000000000000000000e+00
-9.643274665532871356e-16
0.000000000000000000e+00
0.000000000000000000e+00
0.000000000000000000e+00
0.000000000000000000e+00
0.000000000000000000e+00
0.000000000000000000e+00
0.000000000000000000e+00
0.000000000000000000e+00
0.000000000000000000e+00
-9.643274665532871356e-16
0.000000000000000000e+00
0.000000000000000000e+00
0.000000000000000000e+00
0.000000000000000000e+00
0.000000000000000000e+00
0.000000000000000000e+00
-9.643274665532871356e-16
-9.643274665532871356e-16
0.000000000000000000e+00
-9.643274665532871356e-16
0.000000000000000000e+00
-9.643274665532871356e-16
0.000000000000000000e+00
0.000000000000000000e+00
0.000000000000000000e+00
-9.643274665532871356e-16
-9.643274665532871356e-16
0.000000000000000000e+00
-9.643274665532871356e-16
0.000000000000000000e+00
0.000000000000000000e+00
-9.643274665532871356e-16
0.000000000000000000e+00
0.000000000000000000e+00
0.000000000000000000e+00
0.000000000000000000e+00
0.000000000000000000e+00
0.000000000000000000e+00
0.000000000000000000e+00
0.000000000000000000e+00
0.000000000000000000e+00
-9.643274665532871356e-16
-9.643274665532871356e-16
-9.643274665532871356e-16
0.000000000000000000e+00
0.000000000000000000e+00
0.000000000000000000e+00
0.000000000000000000e+00
0.000000000000000000e+00
-9.643274665532871356e-16
0.000000000000000000e+00
0.000000000000000000e+00
0.000000000000000000e+00
0.000000000000000000e+00
0.000000000000000000e+00
-9.643274665532871356e-16
-9.643274665532871356e-16
0.000000000000000000e+00
0.000000000000000000e+00
0.000000000000000000e+00
0.000000000000000000e+00
0.000000000000000000e+00
0.000000000000000000e+00
0.000000000000000000e+00
-9.643274665532871356e-16
0.000000000000000000e+00
0.000000000000000000e+00
-9.643274665532871356e-16
0.000000000000000000e+00
0.000000000000000000e+00
0.000000000000000000e+00
0.000000000000000000e+00
-9.643274665532871356e-16
-9.643274665532871356e-16
0.000000000000000000e+00
0.000000000000000000e+00
0.000000000000000000e+00
0.000000000000000000e+00
0.000000000000000000e+00
0.000000000000000000e+00
0.000000000000000000e+00
0.000000000000000000e+00
0.000000000000000000e+00
0.000000000000000000e+00
0.000000000000000000e+00
0.000000000000000000e+00
0.000000000000000000e+00
0.000000000000000000e+00
0.000000000000000000e+00
0.000000000000000000e+00
0.000000000000000000e+00
0.000000000000000000e+00
0.000000000000000000e+00
0.000000000000000000e+00
-9.643274665532871356e-16
0.000000000000000000e+00
0.000000000000000000e+00
0.000000000000000000e+00
0.000000000000000000e+00
0.000000000000000000e+00
-9.643274665532871356e-16
0.000000000000000000e+00
-9.643274665532871356e-16
0.000000000000000000e+00
0.000000000000000000e+00
0.000000000000000000e+00
-9.643274665532871356e-16
0.000000000000000000e+00
0.000000000000000000e+00
0.000000000000000000e+00
0.000000000000000000e+00
0.000000000000000000e+00
-9.643274665532871356e-16
-9.643274665532871356e-16
0.000000000000000000e+00
0.000000000000000000e+00
0.000000000000000000e+00
0.000000000000000000e+00
-9.643274665532871356e-16
0.000000000000000000e+00
0.000000000000000000e+00
0.000000000000000000e+00
0.000000000000000000e+00
0.000000000000000000e+00
0.000000000000000000e+00
0.000000000000000000e+00
0.000000000000000000e+00
0.000000000000000000e+00
0.000000000000000000e+00
0.000000000000000000e+00
0.000000000000000000e+00
-9.643274665532871356e-16
0.000000000000000000e+00
0.000000000000000000e+00
-9.643274665532871356e-16
0.000000000000000000e+00
0.000000000000000000e+00
0.000000000000000000e+00
-9.643274665532871356e-16
0.000000000000000000e+00
0.000000000000000000e+00
0.000000000000000000e+00
0.000000000000000000e+00
0.000000000000000000e+00
0.000000000000000000e+00
0.000000000000000000e+00
0.000000000000000000e+00
-9.643274665532871356e-16
0.000000000000000000e+00
-9.643274665532871356e-16
-9.643274665532871356e-16
0.000000000000000000e+00
-9.643274665532871356e-16
0.000000000000000000e+00
0.000000000000000000e+00
0.000000000000000000e+00
-9.643274665532871356e-16
-9.643274665532871356e-16
0.000000000000000000e+00
-9.643274665532871356e-16
-9.643274665532871356e-16
-9.643274665532871356e-16
-9.643274665532871356e-16
-9.643274665532871356e-16
0.000000000000000000e+00
0.000000000000000000e+00
0.000000000000000000e+00
0.000000000000000000e+00
0.000000000000000000e+00
0.000000000000000000e+00
-9.643274665532871356e-16
0.000000000000000000e+00
0.000000000000000000e+00
0.000000000000000000e+00
-9.643274665532871356e-16
0.000000000000000000e+00
0.000000000000000000e+00
0.000000000000000000e+00
0.000000000000000000e+00
0.000000000000000000e+00
0.000000000000000000e+00
0.000000000000000000e+00
0.000000000000000000e+00
-9.643274665532871356e-16
0.000000000000000000e+00
0.000000000000000000e+00
-9.643274665532871356e-16
0.000000000000000000e+00
0.000000000000000000e+00
0.000000000000000000e+00
0.000000000000000000e+00
-9.643274665532871356e-16
-9.643274665532871356e-16
0.000000000000000000e+00
0.000000000000000000e+00
0.000000000000000000e+00
0.000000000000000000e+00
0.000000000000000000e+00
0.000000000000000000e+00
-9.643274665532871356e-16
0.000000000000000000e+00
0.000000000000000000e+00
0.000000000000000000e+00
0.000000000000000000e+00
0.000000000000000000e+00
0.000000000000000000e+00
0.000000000000000000e+00
-9.643274665532871356e-16
0.000000000000000000e+00
0.000000000000000000e+00
0.000000000000000000e+00
0.000000000000000000e+00
0.000000000000000000e+00
0.000000000000000000e+00
0.000000000000000000e+00
0.000000000000000000e+00
0.000000000000000000e+00
0.000000000000000000e+00
-9.643274665532871356e-16
0.000000000000000000e+00
0.000000000000000000e+00
0.000000000000000000e+00
0.000000000000000000e+00
0.000000000000000000e+00
0.000000000000000000e+00
0.000000000000000000e+00
0.000000000000000000e+00
0.000000000000000000e+00
0.000000000000000000e+00
-9.643274665532871356e-16
0.000000000000000000e+00
0.000000000000000000e+00
0.000000000000000000e+00
0.000000000000000000e+00
0.000000000000000000e+00
0.000000000000000000e+00
-9.643274665532871356e-16
-9.643274665532871356e-16
-9.643274665532871356e-16
0.000000000000000000e+00
0.000000000000000000e+00
0.000000000000000000e+00
0.000000000000000000e+00
0.000000000000000000e+00
0.000000000000000000e+00
0.000000000000000000e+00
0.000000000000000000e+00
0.000000000000000000e+00
0.000000000000000000e+00
0.000000000000000000e+00
-9.643274665532871356e-16
0.000000000000000000e+00
0.000000000000000000e+00
0.000000000000000000e+00
0.000000000000000000e+00
0.000000000000000000e+00
0.000000000000000000e+00
-9.643274665532871356e-16
0.000000000000000000e+00
0.000000000000000000e+00
0.000000000000000000e+00
0.000000000000000000e+00
0.000000000000000000e+00
-9.643274665532871356e-16
0.000000000000000000e+00
-9.643274665532871356e-16
0.000000000000000000e+00
0.000000000000000000e+00
0.000000000000000000e+00
0.000000000000000000e+00
0.000000000000000000e+00
0.000000000000000000e+00
0.000000000000000000e+00
-9.643274665532871356e-16
0.000000000000000000e+00
0.000000000000000000e+00
0.000000000000000000e+00
-9.643274665532871356e-16
-9.643274665532871356e-16
0.000000000000000000e+00
0.000000000000000000e+00
0.000000000000000000e+00
0.000000000000000000e+00
0.000000000000000000e+00
0.000000000000000000e+00
0.000000000000000000e+00
0.000000000000000000e+00
0.000000000000000000e+00
-9.643274665532871356e-16
0.000000000000000000e+00
-9.643274665532871356e-16
0.000000000000000000e+00
0.000000000000000000e+00
0.000000000000000000e+00
-9.643274665532871356e-16
0.000000000000000000e+00
0.000000000000000000e+00
-9.643274665532871356e-16
0.000000000000000000e+00
0.000000000000000000e+00
0.000000000000000000e+00
0.000000000000000000e+00
-9.643274665532871356e-16
0.000000000000000000e+00
0.000000000000000000e+00
0.000000000000000000e+00
0.000000000000000000e+00
0.000000000000000000e+00
0.000000000000000000e+00
0.000000000000000000e+00
0.000000000000000000e+00
0.000000000000000000e+00
0.000000000000000000e+00
0.000000000000000000e+00
-9.643274665532871356e-16
-9.643274665532871356e-16
0.000000000000000000e+00
-9.643274665532871356e-16
-9.643274665532871356e-16
-9.643274665532871356e-16
0.000000000000000000e+00
-9.643274665532871356e-16
0.000000000000000000e+00
0.000000000000000000e+00
0.000000000000000000e+00
0.000000000000000000e+00
0.000000000000000000e+00
0.000000000000000000e+00
-9.643274665532871356e-16
0.000000000000000000e+00
0.000000000000000000e+00
0.000000000000000000e+00
0.000000000000000000e+00
0.000000000000000000e+00
-9.643274665532871356e-16
-9.643274665532871356e-16
0.000000000000000000e+00
-9.643274665532871356e-16
-9.643274665532871356e-16
0.000000000000000000e+00
-9.643274665532871356e-16
0.000000000000000000e+00
-9.643274665532871356e-16
-9.643274665532871356e-16
0.000000000000000000e+00
-9.643274665532871356e-16
0.000000000000000000e+00
0.000000000000000000e+00
0.000000000000000000e+00
-9.643274665532871356e-16
0.000000000000000000e+00
0.000000000000000000e+00
0.000000000000000000e+00
-9.643274665532871356e-16
0.000000000000000000e+00
0.000000000000000000e+00
-9.643274665532871356e-16
0.000000000000000000e+00
0.000000000000000000e+00
-9.643274665532871356e-16
0.000000000000000000e+00
-9.643274665532871356e-16
0.000000000000000000e+00
-9.643274665532871356e-16
-9.643274665532871356e-16
-9.643274665532871356e-16
0.000000000000000000e+00
0.000000000000000000e+00
0.000000000000000000e+00
-9.643274665532871356e-16
0.000000000000000000e+00
0.000000000000000000e+00
-9.643274665532871356e-16
0.000000000000000000e+00
0.000000000000000000e+00
0.000000000000000000e+00
0.000000000000000000e+00
0.000000000000000000e+00
0.000000000000000000e+00
0.000000000000000000e+00
0.000000000000000000e+00
0.000000000000000000e+00
0.000000000000000000e+00
0.000000000000000000e+00
0.000000000000000000e+00
0.000000000000000000e+00
0.000000000000000000e+00
0.000000000000000000e+00
-9.643274665532871356e-16
-9.643274665532871356e-16
0.000000000000000000e+00
-9.643274665532871356e-16
0.000000000000000000e+00
-9.643274665532871356e-16
0.000000000000000000e+00
0.000000000000000000e+00
0.000000000000000000e+00
-9.643274665532871356e-16
0.000000000000000000e+00
-9.643274665532871356e-16
0.000000000000000000e+00
0.000000000000000000e+00
-9.643274665532871356e-16
-9.643274665532871356e-16
0.000000000000000000e+00
0.000000000000000000e+00
0.000000000000000000e+00
-9.643274665532871356e-16
0.000000000000000000e+00
0.000000000000000000e+00
0.000000000000000000e+00
0.000000000000000000e+00
-9.643274665532871356e-16
-9.643274665532871356e-16
-9.643274665532871356e-16
0.000000000000000000e+00
0.000000000000000000e+00
-9.643274665532871356e-16
0.000000000000000000e+00
0.000000000000000000e+00
-9.643274665532871356e-16
0.000000000000000000e+00
0.000000000000000000e+00
-9.643274665532871356e-16
0.000000000000000000e+00
0.000000000000000000e+00
0.000000000000000000e+00
0.000000000000000000e+00
-9.643274665532871356e-16
0.000000000000000000e+00
-9.643274665532871356e-16
0.000000000000000000e+00
0.000000000000000000e+00
-9.643274665532871356e-16
0.000000000000000000e+00
0.000000000000000000e+00
0.000000000000000000e+00
0.000000000000000000e+00
0.000000000000000000e+00
0.000000000000000000e+00
0.000000000000000000e+00
0.000000000000000000e+00
0.000000000000000000e+00
0.000000000000000000e+00
0.000000000000000000e+00
-9.643274665532871356e-16
0.000000000000000000e+00
0.000000000000000000e+00
-9.643274665532871356e-16
0.000000000000000000e+00
0.000000000000000000e+00
0.000000000000000000e+00
0.000000000000000000e+00
0.000000000000000000e+00
0.000000000000000000e+00
-9.643274665532871356e-16
0.000000000000000000e+00
0.000000000000000000e+00
0.000000000000000000e+00
0.000000000000000000e+00
0.000000000000000000e+00
0.000000000000000000e+00
-9.643274665532871356e-16
0.000000000000000000e+00
0.000000000000000000e+00
-9.643274665532871356e-16
0.000000000000000000e+00
0.000000000000000000e+00
0.000000000000000000e+00
0.000000000000000000e+00
0.000000000000000000e+00
0.000000000000000000e+00
0.000000000000000000e+00
0.000000000000000000e+00
0.000000000000000000e+00
0.000000000000000000e+00
0.000000000000000000e+00
0.000000000000000000e+00
0.000000000000000000e+00
-9.643274665532871356e-16
0.000000000000000000e+00
0.000000000000000000e+00
-9.643274665532871356e-16
-9.643274665532871356e-16
0.000000000000000000e+00
0.000000000000000000e+00
0.000000000000000000e+00
0.000000000000000000e+00
0.000000000000000000e+00
0.000000000000000000e+00
0.000000000000000000e+00
0.000000000000000000e+00
-9.643274665532871356e-16
0.000000000000000000e+00
0.000000000000000000e+00
0.000000000000000000e+00
0.000000000000000000e+00
0.000000000000000000e+00
0.000000000000000000e+00
0.000000000000000000e+00
-9.643274665532871356e-16
0.000000000000000000e+00
0.000000000000000000e+00
0.000000000000000000e+00
0.000000000000000000e+00
-9.643274665532871356e-16
0.000000000000000000e+00
0.000000000000000000e+00
0.000000000000000000e+00
0.000000000000000000e+00
0.000000000000000000e+00
0.000000000000000000e+00
-9.643274665532871356e-16
-9.643274665532871356e-16
-9.643274665532871356e-16
-9.643274665532871356e-16
0.000000000000000000e+00
0.000000000000000000e+00
-9.643274665532871356e-16
0.000000000000000000e+00
0.000000000000000000e+00
0.000000000000000000e+00
-9.643274665532871356e-16
-9.643274665532871356e-16
0.000000000000000000e+00
0.000000000000000000e+00
0.000000000000000000e+00
0.000000000000000000e+00
0.000000000000000000e+00
0.000000000000000000e+00
-9.643274665532871356e-16
0.000000000000000000e+00
0.000000000000000000e+00
0.000000000000000000e+00
0.000000000000000000e+00
0.000000000000000000e+00
0.000000000000000000e+00
0.000000000000000000e+00
0.000000000000000000e+00
0.000000000000000000e+00
0.000000000000000000e+00
0.000000000000000000e+00
-9.643274665532871356e-16
-9.643274665532871356e-16
-9.643274665532871356e-16
0.000000000000000000e+00
0.000000000000000000e+00
0.000000000000000000e+00
0.000000000000000000e+00
0.000000000000000000e+00
0.000000000000000000e+00
0.000000000000000000e+00
-9.643274665532871356e-16
0.000000000000000000e+00
0.000000000000000000e+00
0.000000000000000000e+00
-9.643274665532871356e-16
-9.643274665532871356e-16
0.000000000000000000e+00
0.000000000000000000e+00
0.000000000000000000e+00
0.000000000000000000e+00
-9.643274665532871356e-16
0.000000000000000000e+00
0.000000000000000000e+00
0.000000000000000000e+00
0.000000000000000000e+00
0.000000000000000000e+00
0.000000000000000000e+00
0.000000000000000000e+00
-9.643274665532871356e-16
0.000000000000000000e+00
0.000000000000000000e+00
0.000000000000000000e+00
-9.643274665532871356e-16
0.000000000000000000e+00
0.000000000000000000e+00
0.000000000000000000e+00
0.000000000000000000e+00
-9.643274665532871356e-16
0.000000000000000000e+00
0.000000000000000000e+00
0.000000000000000000e+00
0.000000000000000000e+00
0.000000000000000000e+00
0.000000000000000000e+00
0.000000000000000000e+00
0.000000000000000000e+00
0.000000000000000000e+00
0.000000000000000000e+00
0.000000000000000000e+00
0.000000000000000000e+00
0.000000000000000000e+00
-9.643274665532871356e-16
0.000000000000000000e+00
-9.643274665532871356e-16
0.000000000000000000e+00
-9.643274665532871356e-16
0.000000000000000000e+00
0.000000000000000000e+00
0.000000000000000000e+00
0.000000000000000000e+00
0.000000000000000000e+00
0.000000000000000000e+00
-9.643274665532871356e-16
0.000000000000000000e+00
0.000000000000000000e+00
0.000000000000000000e+00
0.000000000000000000e+00
0.000000000000000000e+00
0.000000000000000000e+00
0.000000000000000000e+00
0.000000000000000000e+00
-9.643274665532871356e-16
0.000000000000000000e+00
0.000000000000000000e+00
0.000000000000000000e+00
0.000000000000000000e+00
0.000000000000000000e+00
0.000000000000000000e+00
0.000000000000000000e+00
0.000000000000000000e+00
0.000000000000000000e+00
0.000000000000000000e+00
0.000000000000000000e+00
0.000000000000000000e+00
0.000000000000000000e+00
0.000000000000000000e+00
-9.643274665532871356e-16
0.000000000000000000e+00
-9.643274665532871356e-16
0.000000000000000000e+00
-9.643274665532871356e-16
0.000000000000000000e+00
-9.643274665532871356e-16
0.000000000000000000e+00
0.000000000000000000e+00
0.000000000000000000e+00
0.000000000000000000e+00
-9.643274665532871356e-16
0.000000000000000000e+00
0.000000000000000000e+00
-9.643274665532871356e-16
0.000000000000000000e+00
-9.643274665532871356e-16
0.000000000000000000e+00
0.000000000000000000e+00
-9.643274665532871356e-16
0.000000000000000000e+00
0.000000000000000000e+00
0.000000000000000000e+00
0.000000000000000000e+00
0.000000000000000000e+00
0.000000000000000000e+00
0.000000000000000000e+00
-9.643274665532871356e-16
-9.643274665532871356e-16
0.000000000000000000e+00
0.000000000000000000e+00
-9.643274665532871356e-16
-9.643274665532871356e-16
0.000000000000000000e+00
0.000000000000000000e+00
0.000000000000000000e+00
0.000000000000000000e+00
0.000000000000000000e+00
0.000000000000000000e+00
-9.643274665532871356e-16
0.000000000000000000e+00
0.000000000000000000e+00
0.000000000000000000e+00
0.000000000000000000e+00
0.000000000000000000e+00
0.000000000000000000e+00
-9.643274665532871356e-16
0.000000000000000000e+00
0.000000000000000000e+00
0.000000000000000000e+00
0.000000000000000000e+00
0.000000000000000000e+00
-9.643274665532871356e-16
-9.643274665532871356e-16
0.000000000000000000e+00
0.000000000000000000e+00
-9.643274665532871356e-16
0.000000000000000000e+00
0.000000000000000000e+00
0.000000000000000000e+00
0.000000000000000000e+00
0.000000000000000000e+00
0.000000000000000000e+00
0.000000000000000000e+00
-9.643274665532871356e-16
-9.643274665532871356e-16
0.000000000000000000e+00
0.000000000000000000e+00
0.000000000000000000e+00
0.000000000000000000e+00
-9.643274665532871356e-16
0.000000000000000000e+00
0.000000000000000000e+00
-9.643274665532871356e-16
0.000000000000000000e+00
0.000000000000000000e+00
-9.643274665532871356e-16
0.000000000000000000e+00
0.000000000000000000e+00
-9.643274665532871356e-16
0.000000000000000000e+00
0.000000000000000000e+00
0.000000000000000000e+00
0.000000000000000000e+00
0.000000000000000000e+00
0.000000000000000000e+00
-9.643274665532871356e-16
0.000000000000000000e+00
0.000000000000000000e+00
0.000000000000000000e+00
-9.643274665532871356e-16
-9.643274665532871356e-16
0.000000000000000000e+00
-9.643274665532871356e-16
0.000000000000000000e+00
-9.643274665532871356e-16
0.000000000000000000e+00
0.000000000000000000e+00
0.000000000000000000e+00
-9.643274665532871356e-16
0.000000000000000000e+00
0.000000000000000000e+00
0.000000000000000000e+00
0.000000000000000000e+00
-9.643274665532871356e-16
-9.643274665532871356e-16
0.000000000000000000e+00
-9.643274665532871356e-16
0.000000000000000000e+00
0.000000000000000000e+00
-9.643274665532871356e-16
0.000000000000000000e+00
0.000000000000000000e+00
0.000000000000000000e+00
0.000000000000000000e+00
-9.643274665532871356e-16
0.000000000000000000e+00
0.000000000000000000e+00
0.000000000000000000e+00
0.000000000000000000e+00
-9.643274665532871356e-16
0.000000000000000000e+00
0.000000000000000000e+00
-9.643274665532871356e-16
0.000000000000000000e+00
0.000000000000000000e+00
0.000000000000000000e+00
-9.643274665532871356e-16
0.000000000000000000e+00
0.000000000000000000e+00
0.000000000000000000e+00
-9.643274665532871356e-16
0.000000000000000000e+00
0.000000000000000000e+00
0.000000000000000000e+00
0.000000000000000000e+00
0.000000000000000000e+00
0.000000000000000000e+00
-9.643274665532871356e-16
0.000000000000000000e+00
0.000000000000000000e+00
0.000000000000000000e+00
0.000000000000000000e+00
-9.643274665532871356e-16
0.000000000000000000e+00
0.000000000000000000e+00
-9.643274665532871356e-16
-9.643274665532871356e-16
-9.643274665532871356e-16
-9.643274665532871356e-16
-9.643274665532871356e-16
0.000000000000000000e+00
0.000000000000000000e+00
-9.643274665532871356e-16
0.000000000000000000e+00
0.000000000000000000e+00
0.000000000000000000e+00
0.000000000000000000e+00
0.000000000000000000e+00
0.000000000000000000e+00
0.000000000000000000e+00
-9.643274665532871356e-16
0.000000000000000000e+00
0.000000000000000000e+00
0.000000000000000000e+00
0.000000000000000000e+00
0.000000000000000000e+00
0.000000000000000000e+00
0.000000000000000000e+00
-9.643274665532871356e-16
0.000000000000000000e+00
0.000000000000000000e+00
0.000000000000000000e+00
0.000000000000000000e+00
0.000000000000000000e+00
0.000000000000000000e+00
-9.643274665532871356e-16
-9.643274665532871356e-16
-9.643274665532871356e-16
0.000000000000000000e+00
-9.643274665532871356e-16
0.000000000000000000e+00
0.000000000000000000e+00
0.000000000000000000e+00
-9.643274665532871356e-16
0.000000000000000000e+00
0.000000000000000000e+00
0.000000000000000000e+00
0.000000000000000000e+00
0.000000000000000000e+00
-9.643274665532871356e-16
0.000000000000000000e+00
0.000000000000000000e+00
0.000000000000000000e+00
0.000000000000000000e+00
0.000000000000000000e+00
-9.643274665532871356e-16
0.000000000000000000e+00
0.000000000000000000e+00
0.000000000000000000e+00
0.000000000000000000e+00
0.000000000000000000e+00
0.000000000000000000e+00
0.000000000000000000e+00
0.000000000000000000e+00
0.000000000000000000e+00
0.000000000000000000e+00
-9.643274665532871356e-16
0.000000000000000000e+00
0.000000000000000000e+00
0.000000000000000000e+00
-9.643274665532871356e-16
0.000000000000000000e+00
0.000000000000000000e+00
0.000000000000000000e+00
0.000000000000000000e+00
0.000000000000000000e+00
-9.643274665532871356e-16
0.000000000000000000e+00
0.000000000000000000e+00
0.000000000000000000e+00
0.000000000000000000e+00
